<?xml version="1.0" encoding="UTF-8"?>
<!-- Generated by org.testng.reporters.JUnitXMLReporter -->
<testsuite hostname="IBM846-PC077PRR" ignored="0" name="Test1" tests="2" failures="1" timestamp="01 May 2018 12:20:59 GMT" time="62.494" errors="0">
  <testcase name="run" time="40.105" classname="execution3.DeleteLead"/>
  <testcase name="run" time="62.485" classname="execution3.DuplicateLead">
    <failure type="java.lang.NullPointerException">
      <![CDATA[java.lang.NullPointerException
at wdMethods.SeMethods.verifyExactText(SeMethods.java:174)
at execution3.DuplicateLead.run(DuplicateLead.java:60)
at java.util.concurrent.ThreadPoolExecutor.runWorker(Unknown Source)
at java.util.concurrent.ThreadPoolExecutor$Worker.run(Unknown Source)
at java.lang.Thread.run(Unknown Source)
... Removed 10 stack frames]]>
    </failure>
  </testcase> <!-- run -->
</testsuite> <!-- Test1 -->
