<?xml version="1.0" encoding="UTF-8"?>
<!-- Generated by org.testng.reporters.JUnitXMLReporter -->
<testsuite hostname="IBM846-PC077PRR" ignored="0" name="Test" tests="6" failures="0" timestamp="05 May 2018 15:11:55 GMT" time="183.066" errors="0">
  <testcase name="run" time="21.391" classname="week6parameterization.Createlead"/>
  <testcase name="run" time="13.103" classname="week6parameterization.Createlead"/>
  <testcase name="run" time="13.378" classname="week6parameterization.Createlead"/>
  <testcase name="run" time="31.579" classname="week6parameterization.EditLeads"/>
  <testcase name="run" time="31.726" classname="week6parameterization.EditLeads"/>
  <testcase name="run" time="25.003" classname="week6parameterization.DeleteLead"/>
</testsuite> <!-- Test -->
