<?xml version="1.0" encoding="UTF-8"?>
<testng-results skipped="0" failed="0" ignored="0" total="1" passed="1">
  <reporter-output>
  </reporter-output>
  <suite name="Default suite" duration-ms="31043" started-at="2018-05-13T12:54:21Z" finished-at="2018-05-13T12:54:53Z">
    <groups>
    </groups>
    <test name="Default test" duration-ms="31043" started-at="2018-05-13T12:54:21Z" finished-at="2018-05-13T12:54:53Z">
      <class name="week2day1.Createlead">
        <test-method status="PASS" signature="run()[pri:0, instance:week2day1.Createlead@cb644e]" name="run" duration-ms="31007" started-at="2018-05-13T12:54:22Z" finished-at="2018-05-13T12:54:53Z">
          <reporter-output>
          </reporter-output>
        </test-method> <!-- run -->
      </class> <!-- week2day1.Createlead -->
    </test> <!-- Default test -->
  </suite> <!-- Default suite -->
</testng-results>
